2024-01-30 20:30:15,522 [Worker-3: Loading available Gradle versions] INFO  o.e.b.c.i.u.g.PublishedGradleVersions - Gradle version information cache is up-to-date. Trying to read.
2024-01-30 20:30:16,632 [ForkJoinPool.commonPool-worker-2] INFO  o.s.s.s.o.s.c.s.PostProcessorRegistrationDelegate$BeanPostProcessorChecker - Bean 'sonarLintSpringAppConfig' of type [org.sonarsource.sonarlint.core.spring.SonarLintSpringAppConfig$$EnhancerBySpringCGLIB$$b655957b] is not eligible for getting processed by all BeanPostProcessors (for example: not eligible for auto-proxying)
2024-01-30 20:30:16,700 [ForkJoinPool.commonPool-worker-2] INFO  o.s.s.s.o.s.c.s.PostProcessorRegistrationDelegate$BeanPostProcessorChecker - Bean 'provideClientEventBus' of type [com.google.common.eventbus.AsyncEventBus] is not eligible for getting processed by all BeanPostProcessors (for example: not eligible for auto-proxying)
2024-01-30 20:30:17,323 [ForkJoinPool.commonPool-worker-2] INFO  jetbrains.exodus.io.FileDataWriter - Interruptible file channel will be used
java.lang.reflect.InaccessibleObjectException: Unable to make public void sun.nio.ch.FileChannelImpl.setUninterruptible() accessible: module java.base does not "exports sun.nio.ch" to unnamed module @78b2589f
	at java.base/java.lang.reflect.AccessibleObject.checkCanSetAccessible(AccessibleObject.java:354)
	at java.base/java.lang.reflect.AccessibleObject.checkCanSetAccessible(AccessibleObject.java:297)
	at java.base/java.lang.reflect.Method.checkCanSetAccessible(Method.java:199)
	at java.base/java.lang.reflect.Method.setAccessible(Method.java:193)
	at jetbrains.exodus.io.FileDataWriter$Companion$setUninterruptibleMethod$1.invoke(FileDataWriter.kt:188)
	at jetbrains.exodus.io.FileDataWriter$Companion$setUninterruptibleMethod$1.invoke(FileDataWriter.kt:185)
	at jetbrains.exodus.util.UnsafeHolder.doPrivileged$lambda-0(UnsafeHolder.kt:30)
	at java.base/java.security.AccessController.doPrivileged(AccessController.java:569)
	at jetbrains.exodus.util.UnsafeHolder.doPrivileged(UnsafeHolder.kt:29)
	at jetbrains.exodus.io.FileDataWriter.<clinit>(FileDataWriter.kt:185)
	at jetbrains.exodus.io.FileDataReaderWriterProvider.newFileDataWriter(FileDataReaderWriterProvider.kt:48)
	at jetbrains.exodus.io.FileDataReaderWriterProvider.newReaderWriter(FileDataReaderWriterProvider.kt:30)
	at jetbrains.exodus.log.LogConfig.createReaderWriter(LogConfig.java:359)
	at jetbrains.exodus.log.LogConfig.getReader(LogConfig.java:125)
	at jetbrains.exodus.log.Log.<init>(Log.kt:52)
	at jetbrains.exodus.env.Environments.newLogInstance(Environments.kt:117)
	at jetbrains.exodus.env.Environments.newLogInstance(Environments.kt:81)
	at jetbrains.exodus.env.Environments.newLogInstance(Environments.kt:77)
	at jetbrains.exodus.env.Environments$newInstance$4.invoke(Environments.kt:46)
	at jetbrains.exodus.env.Environments$newInstance$4.invoke(Environments.kt:46)
	at jetbrains.exodus.env.Environments.prepare(Environments.kt:120)
	at jetbrains.exodus.env.Environments.newInstance(Environments.kt:46)
	at org.sonarsource.sonarlint.core.local.only.XodusLocalOnlyIssueStore.buildEntityStore(XodusLocalOnlyIssueStore.java:201)
	at org.sonarsource.sonarlint.core.local.only.XodusLocalOnlyIssueStore.<init>(XodusLocalOnlyIssueStore.java:94)
	at org.sonarsource.sonarlint.core.local.only.LocalOnlyIssueStorageService.get(LocalOnlyIssueStorageService.java:49)
	at org.sonarsource.sonarlint.core.local.only.LocalOnlyIssueStorageService.purgeOldIssues(LocalOnlyIssueStorageService.java:43)
	at java.base/jdk.internal.reflect.NativeMethodAccessorImpl.invoke0(Native Method)
	at java.base/jdk.internal.reflect.NativeMethodAccessorImpl.invoke(NativeMethodAccessorImpl.java:77)
	at java.base/jdk.internal.reflect.DelegatingMethodAccessorImpl.invoke(DelegatingMethodAccessorImpl.java:43)
	at java.base/java.lang.reflect.Method.invoke(Method.java:568)
	at org.sonarsource.sonarlint.shaded.org.springframework.beans.factory.annotation.InitDestroyAnnotationBeanPostProcessor$LifecycleElement.invoke(InitDestroyAnnotationBeanPostProcessor.java:389)
	at org.sonarsource.sonarlint.shaded.org.springframework.beans.factory.annotation.InitDestroyAnnotationBeanPostProcessor$LifecycleMetadata.invokeInitMethods(InitDestroyAnnotationBeanPostProcessor.java:333)
	at org.sonarsource.sonarlint.shaded.org.springframework.beans.factory.annotation.InitDestroyAnnotationBeanPostProcessor.postProcessBeforeInitialization(InitDestroyAnnotationBeanPostProcessor.java:157)
	at org.sonarsource.sonarlint.shaded.org.springframework.beans.factory.support.AbstractAutowireCapableBeanFactory.applyBeanPostProcessorsBeforeInitialization(AbstractAutowireCapableBeanFactory.java:440)
	at org.sonarsource.sonarlint.shaded.org.springframework.beans.factory.support.AbstractAutowireCapableBeanFactory.initializeBean(AbstractAutowireCapableBeanFactory.java:1796)
	at org.sonarsource.sonarlint.shaded.org.springframework.beans.factory.support.AbstractAutowireCapableBeanFactory.doCreateBean(AbstractAutowireCapableBeanFactory.java:620)
	at org.sonarsource.sonarlint.shaded.org.springframework.beans.factory.support.AbstractAutowireCapableBeanFactory.createBean(AbstractAutowireCapableBeanFactory.java:542)
	at org.sonarsource.sonarlint.shaded.org.springframework.beans.factory.support.AbstractBeanFactory.lambda$doGetBean$0(AbstractBeanFactory.java:335)
	at org.sonarsource.sonarlint.shaded.org.springframework.beans.factory.support.DefaultSingletonBeanRegistry.getSingleton(DefaultSingletonBeanRegistry.java:234)
	at org.sonarsource.sonarlint.shaded.org.springframework.beans.factory.support.AbstractBeanFactory.doGetBean(AbstractBeanFactory.java:333)
	at org.sonarsource.sonarlint.shaded.org.springframework.beans.factory.support.AbstractBeanFactory.getBean(AbstractBeanFactory.java:208)
	at org.sonarsource.sonarlint.shaded.org.springframework.beans.factory.config.DependencyDescriptor.resolveCandidate(DependencyDescriptor.java:276)
	at org.sonarsource.sonarlint.shaded.org.springframework.beans.factory.support.DefaultListableBeanFactory.doResolveDependency(DefaultListableBeanFactory.java:1391)
	at org.sonarsource.sonarlint.shaded.org.springframework.beans.factory.support.DefaultListableBeanFactory.resolveDependency(DefaultListableBeanFactory.java:1311)
	at org.sonarsource.sonarlint.shaded.org.springframework.beans.factory.support.ConstructorResolver.resolveAutowiredArgument(ConstructorResolver.java:887)
	at org.sonarsource.sonarlint.shaded.org.springframework.beans.factory.support.ConstructorResolver.createArgumentArray(ConstructorResolver.java:791)
	at org.sonarsource.sonarlint.shaded.org.springframework.beans.factory.support.ConstructorResolver.autowireConstructor(ConstructorResolver.java:229)
	at org.sonarsource.sonarlint.shaded.org.springframework.beans.factory.support.AbstractAutowireCapableBeanFactory.autowireConstructor(AbstractAutowireCapableBeanFactory.java:1372)
	at org.sonarsource.sonarlint.shaded.org.springframework.beans.factory.support.AbstractAutowireCapableBeanFactory.createBeanInstance(AbstractAutowireCapableBeanFactory.java:1222)
	at org.sonarsource.sonarlint.shaded.org.springframework.beans.factory.support.AbstractAutowireCapableBeanFactory.doCreateBean(AbstractAutowireCapableBeanFactory.java:582)
	at org.sonarsource.sonarlint.shaded.org.springframework.beans.factory.support.AbstractAutowireCapableBeanFactory.createBean(AbstractAutowireCapableBeanFactory.java:542)
	at org.sonarsource.sonarlint.shaded.org.springframework.beans.factory.support.AbstractBeanFactory.lambda$doGetBean$0(AbstractBeanFactory.java:335)
	at org.sonarsource.sonarlint.shaded.org.springframework.beans.factory.support.DefaultSingletonBeanRegistry.getSingleton(DefaultSingletonBeanRegistry.java:234)
	at org.sonarsource.sonarlint.shaded.org.springframework.beans.factory.support.AbstractBeanFactory.doGetBean(AbstractBeanFactory.java:333)
	at org.sonarsource.sonarlint.shaded.org.springframework.beans.factory.support.AbstractBeanFactory.getBean(AbstractBeanFactory.java:208)
	at org.sonarsource.sonarlint.shaded.org.springframework.beans.factory.support.DefaultListableBeanFactory.preInstantiateSingletons(DefaultListableBeanFactory.java:955)
	at org.sonarsource.sonarlint.shaded.org.springframework.context.support.AbstractApplicationContext.finishBeanFactoryInitialization(AbstractApplicationContext.java:920)
	at org.sonarsource.sonarlint.shaded.org.springframework.context.support.AbstractApplicationContext.refresh(AbstractApplicationContext.java:583)
	at org.sonarsource.sonarlint.core.SonarLintBackendImpl.lambda$initialize$2(SonarLintBackendImpl.java:63)
	at java.base/java.util.concurrent.CompletableFuture$AsyncRun.run(CompletableFuture.java:1804)
	at java.base/java.util.concurrent.CompletableFuture$AsyncRun.exec(CompletableFuture.java:1796)
	at java.base/java.util.concurrent.ForkJoinTask.doExec(ForkJoinTask.java:373)
	at java.base/java.util.concurrent.ForkJoinPool$WorkQueue.topLevelExec(ForkJoinPool.java:1182)
	at java.base/java.util.concurrent.ForkJoinPool.scan(ForkJoinPool.java:1655)
	at java.base/java.util.concurrent.ForkJoinPool.runWorker(ForkJoinPool.java:1622)
	at java.base/java.util.concurrent.ForkJoinWorkerThread.run(ForkJoinWorkerThread.java:165)
2024-01-30 20:30:17,327 [ForkJoinPool.commonPool-worker-2] WARN  jetbrains.exodus.io.FileDataWriter - Can't open directory channel. Log directory fsync won't be performed.
2024-01-30 20:30:17,577 [ForkJoinPool.commonPool-worker-2] INFO  j.exodus.env.EnvironmentImpl - Exodus environment created: C:\Users\julio\.sonarlint\xodus-local-only-issue-store6057582401106777331
2024-01-30 20:30:17,583 [ForkJoinPool.commonPool-worker-2] INFO  j.exodus.gc.GarbageCollector - Queueing ComputeUtilizationFromScratchJob
2024-01-30 20:30:27,317 [Exodus shared background cleaner] INFO  j.exodus.gc.GarbageCollector - Started calculation of log utilization from scratch at C:\Users\julio\.sonarlint\xodus-local-only-issue-store6057582401106777331
2024-01-30 20:30:27,327 [Exodus shared background cleaner] INFO  j.exodus.gc.GarbageCollector - Finished calculation of log utilization from scratch at C:\Users\julio\.sonarlint\xodus-local-only-issue-store6057582401106777331
2024-01-30 20:30:36,447 [Worker-12: Build] INFO  o.a.m.s.f.DefaultMavenResourcesFiltering - Copying 1 resource from src\main\resources to target\classes
2024-01-30 20:30:36,464 [Worker-12: Build] INFO  o.a.m.s.f.DefaultMavenResourcesFiltering - Copying 0 resource from src\main\resources to target\classes
2024-01-30 20:30:36,471 [Worker-12: Build] INFO  o.a.m.s.f.DefaultMavenResourcesFiltering - skip non existing resourceDirectory E:\Arquivos\Documentos\Projetos\crud-angular-spring\crud-spring\crud-spring\src\test\resources
2024-01-30 20:30:54,926 [Worker-26: Building] INFO  o.a.m.s.f.DefaultMavenResourcesFiltering - Copying 1 resource from src\main\resources to target\classes
2024-01-30 20:30:54,931 [Worker-26: Building] INFO  o.a.m.s.f.DefaultMavenResourcesFiltering - Copying 0 resource from src\main\resources to target\classes
2024-01-30 20:30:54,934 [Worker-26: Building] INFO  o.a.m.s.f.DefaultMavenResourcesFiltering - skip non existing resourceDirectory E:\Arquivos\Documentos\Projetos\crud-angular-spring\crud-spring\crud-spring\src\test\resources
2024-01-30 20:34:52,863 [Worker-8: Building] INFO  o.e.m.c.i.l.LifecycleMappingFactory - Using org.eclipse.m2e.jdt.JarLifecycleMapping lifecycle mapping for MavenProject: br.com.soltein:crud-spring:0.0.1-SNAPSHOT @ E:\Arquivos\Documentos\Projetos\crud-angular-spring\crud-spring\crud-spring\pom.xml.
2024-01-30 20:34:53,292 [Worker-8: Building] INFO  o.e.m.c.i.e.AbstractTransferListenerAdapter - Downloading https://repo.maven.apache.org/maven2/org/postgresql/postgresql/42.6.0/postgresql-42.6.0.pom
2024-01-30 20:34:53,305 [Worker-8: Building] INFO  o.e.m.c.i.e.AbstractTransferListenerAdapter - Downloaded https://repo.maven.apache.org/maven2/org/postgresql/postgresql/42.6.0/postgresql-42.6.0.pom
2024-01-30 20:34:53,330 [Worker-8: Building] INFO  o.e.m.c.i.e.AbstractTransferListenerAdapter - Downloading https://repo.maven.apache.org/maven2/org/checkerframework/checker-qual/3.31.0/checker-qual-3.31.0.pom
2024-01-30 20:34:53,333 [Worker-8: Building] INFO  o.e.m.c.i.e.AbstractTransferListenerAdapter - Downloaded https://repo.maven.apache.org/maven2/org/checkerframework/checker-qual/3.31.0/checker-qual-3.31.0.pom
2024-01-30 20:34:53,534 [Worker-8: Building] INFO  o.e.m.c.i.e.AbstractTransferListenerAdapter - Downloading https://repo.maven.apache.org/maven2/org/postgresql/postgresql/42.6.0/postgresql-42.6.0.jar
2024-01-30 20:34:53,622 [Worker-8: Building] INFO  o.e.m.c.i.e.AbstractTransferListenerAdapter - Downloaded https://repo.maven.apache.org/maven2/org/postgresql/postgresql/42.6.0/postgresql-42.6.0.jar
2024-01-30 20:34:53,645 [BasicRepositoryConnector-repo.maven.apache.org-0-0] INFO  o.e.m.c.i.e.AbstractTransferListenerAdapter - Downloading https://repo.maven.apache.org/maven2/org/checkerframework/checker-qual/3.31.0/checker-qual-3.31.0.jar
2024-01-30 20:34:53,653 [BasicRepositoryConnector-repo.maven.apache.org-0-0] INFO  o.e.m.c.i.e.AbstractTransferListenerAdapter - Downloaded https://repo.maven.apache.org/maven2/org/checkerframework/checker-qual/3.31.0/checker-qual-3.31.0.jar
2024-01-30 20:34:54,026 [Worker-8: Building] INFO  o.a.m.s.f.DefaultMavenResourcesFiltering - Copying 0 resource from src\main\resources to target\classes
2024-01-30 20:34:54,027 [Worker-8: Building] INFO  o.a.m.s.f.DefaultMavenResourcesFiltering - Copying 0 resource from src\main\resources to target\classes
2024-01-30 20:34:54,032 [Worker-8: Building] INFO  o.a.m.s.f.DefaultMavenResourcesFiltering - skip non existing resourceDirectory E:\Arquivos\Documentos\Projetos\crud-angular-spring\crud-spring\crud-spring\src\test\resources
2024-01-30 20:34:54,926 [Worker-32: Download sources and javadoc] INFO  o.e.m.c.i.e.AbstractTransferListenerAdapter - Downloading https://repo.maven.apache.org/maven2/org/postgresql/postgresql/42.6.0/postgresql-42.6.0-sources.jar
2024-01-30 20:34:55,000 [Worker-32: Download sources and javadoc] INFO  o.e.m.c.i.e.AbstractTransferListenerAdapter - Downloaded https://repo.maven.apache.org/maven2/org/postgresql/postgresql/42.6.0/postgresql-42.6.0-sources.jar
2024-01-30 20:34:55,003 [Worker-32: Download sources and javadoc] INFO  o.e.m.j.internal.DownloadSourcesJob - Downloaded sources for org.postgresql:postgresql:42.6.0
2024-01-30 20:34:55,067 [Worker-32: Download sources and javadoc] INFO  o.e.m.c.i.e.AbstractTransferListenerAdapter - Downloading https://repo.maven.apache.org/maven2/org/checkerframework/checker-qual/3.31.0/checker-qual-3.31.0-sources.jar
2024-01-30 20:34:55,110 [Worker-32: Download sources and javadoc] INFO  o.e.m.c.i.e.AbstractTransferListenerAdapter - Downloaded https://repo.maven.apache.org/maven2/org/checkerframework/checker-qual/3.31.0/checker-qual-3.31.0-sources.jar
2024-01-30 20:34:55,113 [Worker-32: Download sources and javadoc] INFO  o.e.m.j.internal.DownloadSourcesJob - Downloaded sources for org.checkerframework:checker-qual:3.31.0
2024-01-30 20:35:18,512 [Worker-8: Building] INFO  o.a.m.s.f.DefaultMavenResourcesFiltering - Copying 1 resource from src\main\resources to target\classes
2024-01-30 20:35:18,524 [Worker-8: Building] INFO  o.a.m.s.f.DefaultMavenResourcesFiltering - Copying 0 resource from src\main\resources to target\classes
2024-01-30 20:35:18,526 [Worker-8: Building] INFO  o.a.m.s.f.DefaultMavenResourcesFiltering - skip non existing resourceDirectory E:\Arquivos\Documentos\Projetos\crud-angular-spring\crud-spring\crud-spring\src\test\resources
2024-01-30 20:35:24,103 [Worker-3: Building] INFO  o.a.m.s.f.DefaultMavenResourcesFiltering - Copying 1 resource from src\main\resources to target\classes
2024-01-30 20:35:24,110 [Worker-3: Building] INFO  o.a.m.s.f.DefaultMavenResourcesFiltering - Copying 0 resource from src\main\resources to target\classes
2024-01-30 20:35:24,112 [Worker-3: Building] INFO  o.a.m.s.f.DefaultMavenResourcesFiltering - skip non existing resourceDirectory E:\Arquivos\Documentos\Projetos\crud-angular-spring\crud-spring\crud-spring\src\test\resources
2024-01-30 20:35:30,011 [Worker-32: Building] INFO  o.a.m.s.f.DefaultMavenResourcesFiltering - Copying 1 resource from src\main\resources to target\classes
2024-01-30 20:35:30,016 [Worker-32: Building] INFO  o.a.m.s.f.DefaultMavenResourcesFiltering - Copying 0 resource from src\main\resources to target\classes
2024-01-30 20:35:30,019 [Worker-32: Building] INFO  o.a.m.s.f.DefaultMavenResourcesFiltering - skip non existing resourceDirectory E:\Arquivos\Documentos\Projetos\crud-angular-spring\crud-spring\crud-spring\src\test\resources
2024-01-30 20:40:17,372 [Worker-35: Building] INFO  o.e.m.c.i.l.LifecycleMappingFactory - Using org.eclipse.m2e.jdt.JarLifecycleMapping lifecycle mapping for MavenProject: br.com.soltein:crud-spring:0.0.1-SNAPSHOT @ E:\Arquivos\Documentos\Projetos\crud-angular-spring\crud-spring\crud-spring\pom.xml.
2024-01-30 20:40:18,564 [Worker-35: Building] INFO  o.e.m.c.i.e.AbstractTransferListenerAdapter - Downloading https://repo.maven.apache.org/maven2/org/springframework/boot/spring-boot-docker-compose/3.1.6/spring-boot-docker-compose-3.1.6.pom
2024-01-30 20:40:18,567 [Worker-35: Building] INFO  o.e.m.c.i.e.AbstractTransferListenerAdapter - Downloaded https://repo.maven.apache.org/maven2/org/springframework/boot/spring-boot-docker-compose/3.1.6/spring-boot-docker-compose-3.1.6.pom
2024-01-30 20:40:19,065 [Worker-35: Building] INFO  o.e.m.c.i.e.AbstractTransferListenerAdapter - Downloading https://repo.maven.apache.org/maven2/org/springframework/boot/spring-boot-docker-compose/3.1.6/spring-boot-docker-compose-3.1.6.jar
2024-01-30 20:40:19,763 [Worker-35: Building] INFO  o.e.m.c.i.e.AbstractTransferListenerAdapter - Downloaded https://repo.maven.apache.org/maven2/org/springframework/boot/spring-boot-docker-compose/3.1.6/spring-boot-docker-compose-3.1.6.jar
2024-01-30 20:40:20,006 [Worker-35: Building] INFO  o.a.m.s.f.DefaultMavenResourcesFiltering - Copying 0 resource from src\main\resources to target\classes
2024-01-30 20:40:20,006 [Worker-35: Building] INFO  o.a.m.s.f.DefaultMavenResourcesFiltering - Copying 0 resource from src\main\resources to target\classes
2024-01-30 20:40:20,009 [Worker-35: Building] INFO  o.a.m.s.f.DefaultMavenResourcesFiltering - skip non existing resourceDirectory E:\Arquivos\Documentos\Projetos\crud-angular-spring\crud-spring\crud-spring\src\test\resources
2024-01-30 20:40:22,079 [Worker-35: Download sources and javadoc] INFO  o.e.m.c.i.e.AbstractTransferListenerAdapter - Downloading https://repo.maven.apache.org/maven2/org/springframework/boot/spring-boot-docker-compose/3.1.6/spring-boot-docker-compose-3.1.6-sources.jar
2024-01-30 20:40:22,597 [Worker-35: Download sources and javadoc] INFO  o.e.m.c.i.e.AbstractTransferListenerAdapter - Downloaded https://repo.maven.apache.org/maven2/org/springframework/boot/spring-boot-docker-compose/3.1.6/spring-boot-docker-compose-3.1.6-sources.jar
2024-01-30 20:40:22,599 [Worker-35: Download sources and javadoc] INFO  o.e.m.j.internal.DownloadSourcesJob - Downloaded sources for org.springframework.boot:spring-boot-docker-compose:3.1.6
2024-01-30 20:41:00,771 [Worker-37: Building] INFO  o.a.m.s.f.DefaultMavenResourcesFiltering - Copying 0 resource from src\main\resources to target\classes
2024-01-30 20:41:00,771 [Worker-37: Building] INFO  o.a.m.s.f.DefaultMavenResourcesFiltering - Copying 0 resource from src\main\resources to target\classes
2024-01-30 20:41:00,775 [Worker-37: Building] INFO  o.a.m.s.f.DefaultMavenResourcesFiltering - skip non existing resourceDirectory E:\Arquivos\Documentos\Projetos\crud-angular-spring\crud-spring\crud-spring\src\test\resources
2024-01-30 20:41:15,948 [Worker-35: Building] INFO  o.a.m.s.f.DefaultMavenResourcesFiltering - Copying 0 resource from src\main\resources to target\classes
2024-01-30 20:41:15,949 [Worker-35: Building] INFO  o.a.m.s.f.DefaultMavenResourcesFiltering - Copying 0 resource from src\main\resources to target\classes
2024-01-30 20:41:15,951 [Worker-35: Building] INFO  o.a.m.s.f.DefaultMavenResourcesFiltering - skip non existing resourceDirectory E:\Arquivos\Documentos\Projetos\crud-angular-spring\crud-spring\crud-spring\src\test\resources
2024-01-30 20:44:22,571 [Worker-41: Building] INFO  o.a.m.s.f.DefaultMavenResourcesFiltering - Copying 1 resource from src\main\resources to target\classes
2024-01-30 20:44:22,583 [Worker-41: Building] INFO  o.a.m.s.f.DefaultMavenResourcesFiltering - Copying 0 resource from src\main\resources to target\classes
2024-01-30 20:44:22,585 [Worker-41: Building] INFO  o.a.m.s.f.DefaultMavenResourcesFiltering - skip non existing resourceDirectory E:\Arquivos\Documentos\Projetos\crud-angular-spring\crud-spring\crud-spring\src\test\resources
2024-01-30 20:45:16,318 [Worker-43: Building] INFO  o.a.m.s.f.DefaultMavenResourcesFiltering - Copying 1 resource from src\main\resources to target\classes
2024-01-30 20:45:16,321 [Worker-43: Building] INFO  o.a.m.s.f.DefaultMavenResourcesFiltering - Copying 0 resource from src\main\resources to target\classes
2024-01-30 20:45:16,323 [Worker-43: Building] INFO  o.a.m.s.f.DefaultMavenResourcesFiltering - skip non existing resourceDirectory E:\Arquivos\Documentos\Projetos\crud-angular-spring\crud-spring\crud-spring\src\test\resources
2024-01-30 20:51:09,037 [Worker-48: Building] INFO  o.a.m.s.f.DefaultMavenResourcesFiltering - Copying 0 resource from src\main\resources to target\classes
2024-01-30 20:51:09,037 [Worker-48: Building] INFO  o.a.m.s.f.DefaultMavenResourcesFiltering - Copying 0 resource from src\main\resources to target\classes
2024-01-30 20:51:09,039 [Worker-48: Building] INFO  o.a.m.s.f.DefaultMavenResourcesFiltering - skip non existing resourceDirectory E:\Arquivos\Documentos\Projetos\crud-angular-spring\crud-spring\crud-spring\src\test\resources
2024-01-31 16:37:51,817 [Worker-202: Building] INFO  o.a.m.s.f.DefaultMavenResourcesFiltering - Copying 1 resource from src\main\resources to target\classes
2024-01-31 16:37:51,840 [Worker-202: Building] INFO  o.a.m.s.f.DefaultMavenResourcesFiltering - Copying 0 resource from src\main\resources to target\classes
2024-01-31 16:37:51,881 [Worker-202: Building] INFO  o.a.m.s.f.DefaultMavenResourcesFiltering - skip non existing resourceDirectory E:\Arquivos\Documentos\Projetos\crud-angular-spring\crud-spring\crud-spring\src\test\resources
2024-01-31 19:49:51,545 [ForkJoinPool.commonPool-worker-44] INFO  j.exodus.util.CompressBackupUtil - Backup file "local_only_issue_backup2024-01-31-19-49-51.tar.gz" created.
2024-02-01 10:24:25,731 [Worker-5: Loading available Gradle versions] INFO  o.e.b.c.i.u.g.PublishedGradleVersions - Gradle version information cache is out-of-date. Trying to update.
2024-02-01 10:24:26,598 [ForkJoinPool.commonPool-worker-2] INFO  o.s.s.s.o.s.c.s.PostProcessorRegistrationDelegate$BeanPostProcessorChecker - Bean 'sonarLintSpringAppConfig' of type [org.sonarsource.sonarlint.core.spring.SonarLintSpringAppConfig$$EnhancerBySpringCGLIB$$c2af87dd] is not eligible for getting processed by all BeanPostProcessors (for example: not eligible for auto-proxying)
2024-02-01 10:24:26,648 [ForkJoinPool.commonPool-worker-2] INFO  o.s.s.s.o.s.c.s.PostProcessorRegistrationDelegate$BeanPostProcessorChecker - Bean 'provideClientEventBus' of type [com.google.common.eventbus.AsyncEventBus] is not eligible for getting processed by all BeanPostProcessors (for example: not eligible for auto-proxying)
2024-02-01 10:24:27,278 [ForkJoinPool.commonPool-worker-2] INFO  jetbrains.exodus.io.FileDataWriter - Interruptible file channel will be used
java.lang.reflect.InaccessibleObjectException: Unable to make public void sun.nio.ch.FileChannelImpl.setUninterruptible() accessible: module java.base does not "exports sun.nio.ch" to unnamed module @5b1ca51d
	at java.base/java.lang.reflect.AccessibleObject.checkCanSetAccessible(AccessibleObject.java:354)
	at java.base/java.lang.reflect.AccessibleObject.checkCanSetAccessible(AccessibleObject.java:297)
	at java.base/java.lang.reflect.Method.checkCanSetAccessible(Method.java:199)
	at java.base/java.lang.reflect.Method.setAccessible(Method.java:193)
	at jetbrains.exodus.io.FileDataWriter$Companion$setUninterruptibleMethod$1.invoke(FileDataWriter.kt:188)
	at jetbrains.exodus.io.FileDataWriter$Companion$setUninterruptibleMethod$1.invoke(FileDataWriter.kt:185)
	at jetbrains.exodus.util.UnsafeHolder.doPrivileged$lambda-0(UnsafeHolder.kt:30)
	at java.base/java.security.AccessController.doPrivileged(AccessController.java:569)
	at jetbrains.exodus.util.UnsafeHolder.doPrivileged(UnsafeHolder.kt:29)
	at jetbrains.exodus.io.FileDataWriter.<clinit>(FileDataWriter.kt:185)
	at jetbrains.exodus.io.FileDataReaderWriterProvider.newFileDataWriter(FileDataReaderWriterProvider.kt:48)
	at jetbrains.exodus.io.FileDataReaderWriterProvider.newReaderWriter(FileDataReaderWriterProvider.kt:30)
	at jetbrains.exodus.log.LogConfig.createReaderWriter(LogConfig.java:359)
	at jetbrains.exodus.log.LogConfig.getReader(LogConfig.java:125)
	at jetbrains.exodus.log.Log.<init>(Log.kt:52)
	at jetbrains.exodus.env.Environments.newLogInstance(Environments.kt:117)
	at jetbrains.exodus.env.Environments.newLogInstance(Environments.kt:81)
	at jetbrains.exodus.env.Environments.newLogInstance(Environments.kt:77)
	at jetbrains.exodus.env.Environments$newInstance$4.invoke(Environments.kt:46)
	at jetbrains.exodus.env.Environments$newInstance$4.invoke(Environments.kt:46)
	at jetbrains.exodus.env.Environments.prepare(Environments.kt:120)
	at jetbrains.exodus.env.Environments.newInstance(Environments.kt:46)
	at org.sonarsource.sonarlint.core.local.only.XodusLocalOnlyIssueStore.buildEntityStore(XodusLocalOnlyIssueStore.java:201)
	at org.sonarsource.sonarlint.core.local.only.XodusLocalOnlyIssueStore.<init>(XodusLocalOnlyIssueStore.java:94)
	at org.sonarsource.sonarlint.core.local.only.LocalOnlyIssueStorageService.get(LocalOnlyIssueStorageService.java:49)
	at org.sonarsource.sonarlint.core.local.only.LocalOnlyIssueStorageService.purgeOldIssues(LocalOnlyIssueStorageService.java:43)
	at java.base/jdk.internal.reflect.NativeMethodAccessorImpl.invoke0(Native Method)
	at java.base/jdk.internal.reflect.NativeMethodAccessorImpl.invoke(NativeMethodAccessorImpl.java:77)
	at java.base/jdk.internal.reflect.DelegatingMethodAccessorImpl.invoke(DelegatingMethodAccessorImpl.java:43)
	at java.base/java.lang.reflect.Method.invoke(Method.java:568)
	at org.sonarsource.sonarlint.shaded.org.springframework.beans.factory.annotation.InitDestroyAnnotationBeanPostProcessor$LifecycleElement.invoke(InitDestroyAnnotationBeanPostProcessor.java:389)
	at org.sonarsource.sonarlint.shaded.org.springframework.beans.factory.annotation.InitDestroyAnnotationBeanPostProcessor$LifecycleMetadata.invokeInitMethods(InitDestroyAnnotationBeanPostProcessor.java:333)
	at org.sonarsource.sonarlint.shaded.org.springframework.beans.factory.annotation.InitDestroyAnnotationBeanPostProcessor.postProcessBeforeInitialization(InitDestroyAnnotationBeanPostProcessor.java:157)
	at org.sonarsource.sonarlint.shaded.org.springframework.beans.factory.support.AbstractAutowireCapableBeanFactory.applyBeanPostProcessorsBeforeInitialization(AbstractAutowireCapableBeanFactory.java:440)
	at org.sonarsource.sonarlint.shaded.org.springframework.beans.factory.support.AbstractAutowireCapableBeanFactory.initializeBean(AbstractAutowireCapableBeanFactory.java:1796)
	at org.sonarsource.sonarlint.shaded.org.springframework.beans.factory.support.AbstractAutowireCapableBeanFactory.doCreateBean(AbstractAutowireCapableBeanFactory.java:620)
	at org.sonarsource.sonarlint.shaded.org.springframework.beans.factory.support.AbstractAutowireCapableBeanFactory.createBean(AbstractAutowireCapableBeanFactory.java:542)
	at org.sonarsource.sonarlint.shaded.org.springframework.beans.factory.support.AbstractBeanFactory.lambda$doGetBean$0(AbstractBeanFactory.java:335)
	at org.sonarsource.sonarlint.shaded.org.springframework.beans.factory.support.DefaultSingletonBeanRegistry.getSingleton(DefaultSingletonBeanRegistry.java:234)
	at org.sonarsource.sonarlint.shaded.org.springframework.beans.factory.support.AbstractBeanFactory.doGetBean(AbstractBeanFactory.java:333)
	at org.sonarsource.sonarlint.shaded.org.springframework.beans.factory.support.AbstractBeanFactory.getBean(AbstractBeanFactory.java:208)
	at org.sonarsource.sonarlint.shaded.org.springframework.beans.factory.config.DependencyDescriptor.resolveCandidate(DependencyDescriptor.java:276)
	at org.sonarsource.sonarlint.shaded.org.springframework.beans.factory.support.DefaultListableBeanFactory.doResolveDependency(DefaultListableBeanFactory.java:1391)
	at org.sonarsource.sonarlint.shaded.org.springframework.beans.factory.support.DefaultListableBeanFactory.resolveDependency(DefaultListableBeanFactory.java:1311)
	at org.sonarsource.sonarlint.shaded.org.springframework.beans.factory.support.ConstructorResolver.resolveAutowiredArgument(ConstructorResolver.java:887)
	at org.sonarsource.sonarlint.shaded.org.springframework.beans.factory.support.ConstructorResolver.createArgumentArray(ConstructorResolver.java:791)
	at org.sonarsource.sonarlint.shaded.org.springframework.beans.factory.support.ConstructorResolver.autowireConstructor(ConstructorResolver.java:229)
	at org.sonarsource.sonarlint.shaded.org.springframework.beans.factory.support.AbstractAutowireCapableBeanFactory.autowireConstructor(AbstractAutowireCapableBeanFactory.java:1372)
	at org.sonarsource.sonarlint.shaded.org.springframework.beans.factory.support.AbstractAutowireCapableBeanFactory.createBeanInstance(AbstractAutowireCapableBeanFactory.java:1222)
	at org.sonarsource.sonarlint.shaded.org.springframework.beans.factory.support.AbstractAutowireCapableBeanFactory.doCreateBean(AbstractAutowireCapableBeanFactory.java:582)
	at org.sonarsource.sonarlint.shaded.org.springframework.beans.factory.support.AbstractAutowireCapableBeanFactory.createBean(AbstractAutowireCapableBeanFactory.java:542)
	at org.sonarsource.sonarlint.shaded.org.springframework.beans.factory.support.AbstractBeanFactory.lambda$doGetBean$0(AbstractBeanFactory.java:335)
	at org.sonarsource.sonarlint.shaded.org.springframework.beans.factory.support.DefaultSingletonBeanRegistry.getSingleton(DefaultSingletonBeanRegistry.java:234)
	at org.sonarsource.sonarlint.shaded.org.springframework.beans.factory.support.AbstractBeanFactory.doGetBean(AbstractBeanFactory.java:333)
	at org.sonarsource.sonarlint.shaded.org.springframework.beans.factory.support.AbstractBeanFactory.getBean(AbstractBeanFactory.java:208)
	at org.sonarsource.sonarlint.shaded.org.springframework.beans.factory.support.DefaultListableBeanFactory.preInstantiateSingletons(DefaultListableBeanFactory.java:955)
	at org.sonarsource.sonarlint.shaded.org.springframework.context.support.AbstractApplicationContext.finishBeanFactoryInitialization(AbstractApplicationContext.java:920)
	at org.sonarsource.sonarlint.shaded.org.springframework.context.support.AbstractApplicationContext.refresh(AbstractApplicationContext.java:583)
	at org.sonarsource.sonarlint.core.SonarLintBackendImpl.lambda$initialize$2(SonarLintBackendImpl.java:63)
	at java.base/java.util.concurrent.CompletableFuture$AsyncRun.run(CompletableFuture.java:1804)
	at java.base/java.util.concurrent.CompletableFuture$AsyncRun.exec(CompletableFuture.java:1796)
	at java.base/java.util.concurrent.ForkJoinTask.doExec(ForkJoinTask.java:373)
	at java.base/java.util.concurrent.ForkJoinPool$WorkQueue.topLevelExec(ForkJoinPool.java:1182)
	at java.base/java.util.concurrent.ForkJoinPool.scan(ForkJoinPool.java:1655)
	at java.base/java.util.concurrent.ForkJoinPool.runWorker(ForkJoinPool.java:1622)
	at java.base/java.util.concurrent.ForkJoinWorkerThread.run(ForkJoinWorkerThread.java:165)
2024-02-01 10:24:27,282 [ForkJoinPool.commonPool-worker-2] WARN  jetbrains.exodus.io.FileDataWriter - Can't open directory channel. Log directory fsync won't be performed.
2024-02-01 10:24:27,540 [ForkJoinPool.commonPool-worker-2] INFO  j.exodus.env.EnvironmentImpl - Exodus environment created: C:\Users\julio\.sonarlint\xodus-local-only-issue-store5875737023456822351
2024-02-01 10:24:27,544 [ForkJoinPool.commonPool-worker-2] INFO  j.exodus.gc.GarbageCollector - Queueing ComputeUtilizationFromScratchJob
2024-02-01 10:24:37,272 [Exodus shared background cleaner] INFO  j.exodus.gc.GarbageCollector - Started calculation of log utilization from scratch at C:\Users\julio\.sonarlint\xodus-local-only-issue-store5875737023456822351
2024-02-01 10:24:37,285 [Exodus shared background cleaner] INFO  j.exodus.gc.GarbageCollector - Finished calculation of log utilization from scratch at C:\Users\julio\.sonarlint\xodus-local-only-issue-store5875737023456822351
2024-02-01 10:45:20,715 [ForkJoinPool.commonPool-worker-12] INFO  j.exodus.util.CompressBackupUtil - Backup file "local_only_issue_backup2024-02-01-10-45-20.tar.gz" created.
